Using pre-set license
Built from '2020.3/staging' branch; Version is '2020.3.8f1 (507919d4fff5) revision 5273881'; Using compiler version '192528614'; Build Type 'Release'
OS: 'Windows 10 Enterprise; OS build 22000.556; Version 2009; 64bit' Language: 'en' Physical Memory: 32682 MB
BatchMode: 1, IsHumanControllingUs: 0, StartBugReporterOnCrash: 0, Is64bit: 1, IsPro: 0

 COMMAND LINE ARGUMENTS:
C:\Program Files\Unity\Hub\Editor\2020.3.8f1\Editor\Unity.exe
-adb2
-batchMode
-noUpm
-name
AssetImportWorker0
-projectPath
E:/Users/KJ/Documents/GitHub/Project-Ymir
-logFile
Logs/AssetImportWorker0.log
-srvPort
60229
Successfully changed project path to: E:/Users/KJ/Documents/GitHub/Project-Ymir
E:/Users/KJ/Documents/GitHub/Project-Ymir
Using Asset Import Pipeline V2.
Refreshing native plugins compatible for Editor in 25.74 ms, found 1 plugins.
Preloading 0 native plugins for Editor in 0.00 ms.
Initialize engine version: 2020.3.8f1 (507919d4fff5)
[Subsystems] Discovering subsystems at path C:/Program Files/Unity/Hub/Editor/2020.3.8f1/Editor/Data/Resources/UnitySubsystems
[Subsystems] Discovering subsystems at path E:/Users/KJ/Documents/GitHub/Project-Ymir/Assets
GfxDevice: creating device client; threaded=0
Direct3D:
    Version:  Direct3D 11.0 [level 11.1]
    Renderer: NVIDIA GeForce GTX 1070 Ti (ID=0x1b82)
    Vendor:   
    VRAM:     8079 MB
    Driver:   30.0.14.9729
Initialize mono
Mono path[0] = 'C:/Program Files/Unity/Hub/Editor/2020.3.8f1/Editor/Data/Managed'
Mono path[1] = 'C:/Program Files/Unity/Hub/Editor/2020.3.8f1/Editor/Data/MonoBleedingEdge/lib/mono/unityjit'
Mono config path = 'C:/Program Files/Unity/Hub/Editor/2020.3.8f1/Editor/Data/MonoBleedingEdge/etc'
Using monoOptions --debugger-agent=transport=dt_socket,embedding=1,server=y,suspend=n,address=127.0.0.1:56548
Begin MonoManager ReloadAssembly
Registering precompiled unity dll's ...
Register platform support module: C:/Program Files/Unity/Hub/Editor/2020.3.8f1/Editor/Data/PlaybackEngines/WindowsStandaloneSupport/UnityEditor.WindowsStandalone.Extensions.dll
Registered in 0.001276 seconds.
Native extension for WindowsStandalone target not found
Refreshing native plugins compatible for Editor in 26.40 ms, found 1 plugins.
Preloading 0 native plugins for Editor in 0.00 ms.
Mono: successfully reloaded assembly
- Completed reload, in  0.866 seconds
Platform modules already initialized, skipping
Registering precompiled user dll's ...
Registered in 0.000465 seconds.
Begin MonoManager ReloadAssembly
Native extension for WindowsStandalone target not found
Refreshing native plugins compatible for Editor in 0.32 ms, found 1 plugins.
Preloading 0 native plugins for Editor in 0.00 ms.
Mono: successfully reloaded assembly
- Completed reload, in  0.710 seconds
Platform modules already initialized, skipping
========================================================================
Worker process is ready to serve import requests
Launched and connected shader compiler UnityShaderCompiler.exe after 0.04 seconds
Refreshing native plugins compatible for Editor in 0.31 ms, found 1 plugins.
Preloading 0 native plugins for Editor in 0.00 ms.
Unloading 1764 Unused Serialized files (Serialized files now loaded: 0)
System memory in use before: 86.3 MB.
System memory in use after: 86.3 MB.

Unloading 20 unused Assets to reduce memory usage. Loaded Objects now: 2216.
Total: 1.634200 ms (FindLiveObjects: 0.120800 ms CreateObjectMapping: 0.033300 ms MarkObjects: 1.398600 ms  DeleteObjects: 0.080500 ms)

========================================================================
Received Import Request.
  path: Assets/Scripts/ChunkData.cs
  artifactKey: Guid(96bb6f31e461bb04f9e5f65f2fadf885) Importer(815301076,1909f56bfc062723c751e8b465ee728b)
Start importing Assets/Scripts/ChunkData.cs using Guid(96bb6f31e461bb04f9e5f65f2fadf885) Importer(815301076,1909f56bfc062723c751e8b465ee728b)  -> (artifact id: 'ccf6e3b013c1c1f3bc7a0854351238d7') in 0.019769 seconds
  Import took 0.021829 seconds .

========================================================================
Received Import Request.
  Time since last request: 10.178773 seconds.
  path: Assets/Scripts/Test Script.cs
  artifactKey: Guid(e7688b3d6fd13f24fbf7048ff470f5e2) Importer(815301076,1909f56bfc062723c751e8b465ee728b)
Start importing Assets/Scripts/Test Script.cs using Guid(e7688b3d6fd13f24fbf7048ff470f5e2) Importer(815301076,1909f56bfc062723c751e8b465ee728b)  -> (artifact id: '9df2906675b29d63b4d295178838da16') in 0.002080 seconds
  Import took 0.004190 seconds .

========================================================================
Received Prepare
Registering precompiled user dll's ...
Registered in 0.000428 seconds.
Begin MonoManager ReloadAssembly
Native extension for WindowsStandalone target not found
Refreshing native plugins compatible for Editor in 0.32 ms, found 1 plugins.
Preloading 0 native plugins for Editor in 0.00 ms.
Mono: successfully reloaded assembly
- Completed reload, in  0.574 seconds
Platform modules already initialized, skipping
Refreshing native plugins compatible for Editor in 0.31 ms, found 1 plugins.
Preloading 0 native plugins for Editor in 0.00 ms.
Unloading 1757 Unused Serialized files (Serialized files now loaded: 0)
System memory in use before: 86.0 MB.
System memory in use after: 86.0 MB.

Unloading 10 unused Assets to reduce memory usage. Loaded Objects now: 2220.
Total: 1.974100 ms (FindLiveObjects: 0.161500 ms CreateObjectMapping: 0.034700 ms MarkObjects: 1.701700 ms  DeleteObjects: 0.075100 ms)

========================================================================
Received Prepare
Registering precompiled user dll's ...
Registered in 0.000500 seconds.
Begin MonoManager ReloadAssembly
Native extension for WindowsStandalone target not found
Refreshing native plugins compatible for Editor in 0.31 ms, found 1 plugins.
Preloading 0 native plugins for Editor in 0.00 ms.
Mono: successfully reloaded assembly
- Completed reload, in  0.548 seconds
Platform modules already initialized, skipping
Refreshing native plugins compatible for Editor in 0.30 ms, found 1 plugins.
Preloading 0 native plugins for Editor in 0.00 ms.
Unloading 1756 Unused Serialized files (Serialized files now loaded: 0)
System memory in use before: 86.0 MB.
System memory in use after: 86.0 MB.

Unloading 11 unused Assets to reduce memory usage. Loaded Objects now: 2222.
Total: 1.668700 ms (FindLiveObjects: 0.138700 ms CreateObjectMapping: 0.043300 ms MarkObjects: 1.418500 ms  DeleteObjects: 0.067400 ms)

========================================================================
Received Prepare
Registering precompiled user dll's ...
Registered in 0.000451 seconds.
Begin MonoManager ReloadAssembly
Native extension for WindowsStandalone target not found
Refreshing native plugins compatible for Editor in 0.32 ms, found 1 plugins.
Preloading 0 native plugins for Editor in 0.00 ms.
Mono: successfully reloaded assembly
- Completed reload, in  0.570 seconds
Platform modules already initialized, skipping
Refreshing native plugins compatible for Editor in 0.31 ms, found 1 plugins.
Preloading 0 native plugins for Editor in 0.00 ms.
Unloading 1757 Unused Serialized files (Serialized files now loaded: 0)
System memory in use before: 86.0 MB.
System memory in use after: 86.1 MB.

Unloading 10 unused Assets to reduce memory usage. Loaded Objects now: 2226.
Total: 1.552700 ms (FindLiveObjects: 0.131700 ms CreateObjectMapping: 0.040300 ms MarkObjects: 1.313400 ms  DeleteObjects: 0.066500 ms)

========================================================================
Received Import Request.
  Time since last request: 120.009847 seconds.
  path: Assets/Scripts/Test Script.cs
  artifactKey: Guid(e7688b3d6fd13f24fbf7048ff470f5e2) Importer(815301076,1909f56bfc062723c751e8b465ee728b)
Start importing Assets/Scripts/Test Script.cs using Guid(e7688b3d6fd13f24fbf7048ff470f5e2) Importer(815301076,1909f56bfc062723c751e8b465ee728b)  -> (artifact id: '4e01edfa39a053abe820cd58e78495fb') in 0.003879 seconds
  Import took 0.005999 seconds .

========================================================================
Received Prepare
Registering precompiled user dll's ...
Registered in 0.000518 seconds.
Begin MonoManager ReloadAssembly
Native extension for WindowsStandalone target not found
Refreshing native plugins compatible for Editor in 0.31 ms, found 1 plugins.
Preloading 0 native plugins for Editor in 0.00 ms.
Mono: successfully reloaded assembly
- Completed reload, in  0.550 seconds
Platform modules already initialized, skipping
Refreshing native plugins compatible for Editor in 0.32 ms, found 1 plugins.
Preloading 0 native plugins for Editor in 0.00 ms.
Unloading 1756 Unused Serialized files (Serialized files now loaded: 0)
System memory in use before: 86.0 MB.
System memory in use after: 86.1 MB.

Unloading 11 unused Assets to reduce memory usage. Loaded Objects now: 2228.
Total: 1.564400 ms (FindLiveObjects: 0.147400 ms CreateObjectMapping: 0.041100 ms MarkObjects: 1.298500 ms  DeleteObjects: 0.076400 ms)

========================================================================
Received Import Request.
  Time since last request: 1909.813236 seconds.
  path: Assets/Scripts/PhysicsMannager.cs
  artifactKey: Guid(ec07a5251a82ab648b16989074118140) Importer(815301076,1909f56bfc062723c751e8b465ee728b)
Start importing Assets/Scripts/PhysicsMannager.cs using Guid(ec07a5251a82ab648b16989074118140) Importer(815301076,1909f56bfc062723c751e8b465ee728b)  -> (artifact id: '4a82eb8d0ea7926dce61253470dd12e5') in 0.005113 seconds
  Import took 0.007684 seconds .

========================================================================
Received Import Request.
  Time since last request: 0.002144 seconds.
  path: Assets/Scripts/PhysicsMannager.cs
  artifactKey: Guid(ec07a5251a82ab648b16989074118140) Importer(815301076,1909f56bfc062723c751e8b465ee728b)
Start importing Assets/Scripts/PhysicsMannager.cs using Guid(ec07a5251a82ab648b16989074118140) Importer(815301076,1909f56bfc062723c751e8b465ee728b)  -> (artifact id: '4a82eb8d0ea7926dce61253470dd12e5') in 0.001699 seconds
  Import took 0.004021 seconds .

========================================================================
Received Import Request.
  Time since last request: 847.323053 seconds.
  path: Assets/Scripts/PhysicsMannager.cs
  artifactKey: Guid(ec07a5251a82ab648b16989074118140) Importer(815301076,1909f56bfc062723c751e8b465ee728b)
Start importing Assets/Scripts/PhysicsMannager.cs using Guid(ec07a5251a82ab648b16989074118140) Importer(815301076,1909f56bfc062723c751e8b465ee728b)  -> (artifact id: 'a250241d88bcab9c3eac8143840ed9c7') in 0.002038 seconds
  Import took 0.005696 seconds .

========================================================================
Received Prepare
Registering precompiled user dll's ...
Registered in 0.000745 seconds.
Begin MonoManager ReloadAssembly
Native extension for WindowsStandalone target not found
Refreshing native plugins compatible for Editor in 0.32 ms, found 1 plugins.
Preloading 0 native plugins for Editor in 0.00 ms.
Mono: successfully reloaded assembly
- Completed reload, in  0.624 seconds
Platform modules already initialized, skipping
Refreshing native plugins compatible for Editor in 0.33 ms, found 1 plugins.
Preloading 0 native plugins for Editor in 0.00 ms.
Unloading 1756 Unused Serialized files (Serialized files now loaded: 0)
System memory in use before: 86.0 MB.
System memory in use after: 86.1 MB.

Unloading 10 unused Assets to reduce memory usage. Loaded Objects now: 2231.
Total: 1.572000 ms (FindLiveObjects: 0.150000 ms CreateObjectMapping: 0.034400 ms MarkObjects: 1.315400 ms  DeleteObjects: 0.071400 ms)

========================================================================
Received Import Request.
  Time since last request: 1231.718584 seconds.
  path: Assets/Scripts/PhysicsMannager.cs
  artifactKey: Guid(ec07a5251a82ab648b16989074118140) Importer(815301076,1909f56bfc062723c751e8b465ee728b)
Start importing Assets/Scripts/PhysicsMannager.cs using Guid(ec07a5251a82ab648b16989074118140) Importer(815301076,1909f56bfc062723c751e8b465ee728b)  -> (artifact id: '6a6e864782b133234205727499a193c4') in 0.006537 seconds
  Import took 0.009892 seconds .

========================================================================
Received Prepare
Registering precompiled user dll's ...
Registered in 0.000880 seconds.
Begin MonoManager ReloadAssembly
Native extension for WindowsStandalone target not found
Refreshing native plugins compatible for Editor in 0.48 ms, found 1 plugins.
Preloading 0 native plugins for Editor in 0.00 ms.
Mono: successfully reloaded assembly
- Completed reload, in  0.627 seconds
Platform modules already initialized, skipping
Refreshing native plugins compatible for Editor in 0.35 ms, found 1 plugins.
Preloading 0 native plugins for Editor in 0.00 ms.
Unloading 1756 Unused Serialized files (Serialized files now loaded: 0)
System memory in use before: 86.1 MB.
System memory in use after: 86.1 MB.

Unloading 10 unused Assets to reduce memory usage. Loaded Objects now: 2234.
Total: 1.501400 ms (FindLiveObjects: 0.130500 ms CreateObjectMapping: 0.034200 ms MarkObjects: 1.270000 ms  DeleteObjects: 0.065800 ms)

========================================================================
Received Prepare
Registering precompiled user dll's ...
Registered in 0.000843 seconds.
Begin MonoManager ReloadAssembly
Native extension for WindowsStandalone target not found
Refreshing native plugins compatible for Editor in 0.45 ms, found 1 plugins.
Preloading 0 native plugins for Editor in 0.00 ms.
Mono: successfully reloaded assembly
- Completed reload, in  0.645 seconds
Platform modules already initialized, skipping
Refreshing native plugins compatible for Editor in 0.32 ms, found 1 plugins.
Preloading 0 native plugins for Editor in 0.00 ms.
Unloading 1756 Unused Serialized files (Serialized files now loaded: 0)
System memory in use before: 86.1 MB.
System memory in use after: 86.1 MB.

Unloading 10 unused Assets to reduce memory usage. Loaded Objects now: 2237.
Total: 1.904200 ms (FindLiveObjects: 0.214400 ms CreateObjectMapping: 0.042200 ms MarkObjects: 1.572200 ms  DeleteObjects: 0.074400 ms)

